[+] Containers:
 |- [+] Container: /Game/ThirdPerson/Maps/MyLevel
 |   |- [+] ActorDescs:
 |   |   |- Guid:06C2E66A408BEF4401D399B0A61086AE BaseClass: NativeClass:/Script/Engine.TriggerBox Name:TriggerBox_UAID_7085C2DC1D4FC3E201_1833203148 Label:TriggerBox SpatiallyLoaded:1 Bounds:IsValid=true, Min=(X=2140.000 Y=1180.000 Z=140.000), Max=(X=2220.000 Y=1260.000 Z=220.000) RuntimeGrid:None EditorOnly:0 RuntimeOnly:0 HLODRelevant:0
 |   |   |- Guid:09E61D7C4939DE7C68A31893461B8C3D BaseClass: NativeClass:/Script/Engine.StaticMeshActor Name:StaticMeshActor_UAID_7085C2DC1D4FC7E201_1738803866 Label:Cube18 SpatiallyLoaded:1 Bounds:IsValid=true, Min=(X=2007.927 Y=2531.943 Z=1039.703), Max=(X=2107.927 Y=2631.943 Z=1139.703) RuntimeGrid:None EditorOnly:0 RuntimeOnly:0 HLODRelevant:1
 |   |   |- Guid:0C995942491B82492B513AAD282EE077 BaseClass: NativeClass:/Script/Engine.StaticMeshActor Name:StaticMeshActor_UAID_7085C2DC1D4FC2E201_1104438970 Label:Cube7 SpatiallyLoaded:1 Bounds:IsValid=true, Min=(X=1550.000 Y=740.000 Z=-70.000), Max=(X=1650.000 Y=840.000 Z=30.000) RuntimeGrid:None EditorOnly:0 RuntimeOnly:0 HLODRelevant:1
 |   |   |- Guid:0E3A759D417681F83F600FA11AC6771F BaseClass: NativeClass:/Script/Engine.DirectionalLight Name:DirectionalLight_0 Label:DirectionalLight SpatiallyLoaded:0 Bounds:IsValid=true, Min=(X=-4398046511104.000 Y=-4398046511104.000 Z=-4398046511104.000), Max=(X=4398046511104.000 Y=4398046511104.000 Z=4398046511104.000) RuntimeGrid:None EditorOnly:0 RuntimeOnly:0 HLODRelevant:0 FolderPath:Lighting FolderGuid:963EC3EB4002CCE9759E2EBA541A873A
 |   |   |- Guid:15202DEF475CBE4AABE028A3B309175F BaseClass: NativeClass:/Script/Engine.StaticMeshActor Name:StaticMeshActor_UAID_7085C2DC1D4FC7E201_1666296860 Label:Cube12 SpatiallyLoaded:1 Bounds:IsValid=true, Min=(X=2107.927 Y=2531.943 Z=539.703), Max=(X=2207.927 Y=2631.943 Z=639.703) RuntimeGrid:None EditorOnly:0 RuntimeOnly:0 HLODRelevant:1
 |   |   |- Guid:1665D3D5475E74681E6066816A323030 BaseClass: NativeClass:/Script/Engine.WorldDataLayers Name:WorldDataLayers Label:WorldDataLayers SpatiallyLoaded:0 Bounds:IsValid=true, Min=(X=0.000 Y=0.000 Z=0.000), Max=(X=0.000 Y=0.000 Z=0.000) RuntimeGrid:None EditorOnly:0 RuntimeOnly:0 HLODRelevant:0
 |   |   |- Guid:193149124DDA77E8F890AAA1A0DCC668 BaseClass: NativeClass:/Script/Engine.StaticMeshActor Name:StaticMeshActor_UAID_7085C2DC1D4FC7E201_1690914862 Label:Cube14 SpatiallyLoaded:1 Bounds:IsValid=true, Min=(X=2107.927 Y=2531.943 Z=739.703), Max=(X=2207.927 Y=2631.943 Z=839.703) RuntimeGrid:None EditorOnly:0 RuntimeOnly:0 HLODRelevant:1
 |   |   |- Guid:22E1E70749C6A82F164A74983F22337F BaseClass: NativeClass:/Script/Engine.StaticMeshActor Name:StaticMeshActor_UAID_7085C2DC1D4FC1E201_1905502789 Label:Cube2 SpatiallyLoaded:1 Bounds:IsValid=true, Min=(X=1960.000 Y=640.000 Z=40.000), Max=(X=2060.000 Y=740.000 Z=140.000) RuntimeGrid:None EditorOnly:0 RuntimeOnly:0 HLODRelevant:1
 |   |   |- Guid:29148FA64B1F4CD85FB6B28C2BAF65E3 BaseClass: NativeClass:/Script/Engine.StaticMeshActor Name:StaticMeshActor_UAID_7085C2DC1D4FC7E201_1705350863 Label:Cube15 SpatiallyLoaded:1 Bounds:IsValid=true, Min=(X=2107.927 Y=2531.943 Z=839.703), Max=(X=2207.927 Y=2631.943 Z=939.703) RuntimeGrid:None EditorOnly:0 RuntimeOnly:0 HLODRelevant:1
 |   |   |- Guid:2E9737DE4A4DAC93B807AA8396B7ADDA BaseClass: NativeClass:/Script/Engine.StaticMeshActor Name:StaticMeshActor_UAID_A4AE111137DC5EFB00_1110535423 Label:SM_SkySphere SpatiallyLoaded:0 Bounds:IsValid=true, Min=(X=-1638400.000 Y=-1638400.000 Z=-1638400.000), Max=(X=1638400.000 Y=1638400.000 Z=1638400.000) RuntimeGrid:None EditorOnly:0 RuntimeOnly:0 HLODRelevant:1 FolderPath:Lighting FolderGuid:963EC3EB4002CCE9759E2EBA541A873A
 |   |   |- Guid:4C6BFE6C40BD77AF4554F88ABC401477 BaseClass: NativeClass:/Script/Engine.StaticMeshActor Name:StaticMeshActor_UAID_7085C2DC1D4FC4E201_1969686327 Label:Cube9 SpatiallyLoaded:1 Bounds:IsValid=true, Min=(X=2097.927 Y=1831.943 Z=309.703), Max=(X=2197.927 Y=1931.943 Z=409.703) RuntimeGrid:None EditorOnly:0 RuntimeOnly:0 HLODRelevant:1
 |   |   |- Guid:4E2EDF44462F3831633EE3AF85DFD7AC BaseClass: NativeClass:/Script/Engine.StaticMeshActor Name:StaticMeshActor_UAID_7085C2DC1D4FC7E201_1649194859 Label:Cube11 SpatiallyLoaded:1 Bounds:IsValid=true, Min=(X=2226.316 Y=325101.753 Z=-167696.570), Max=(X=2326.316 Y=325201.753 Z=-167596.570) RuntimeGrid:None EditorOnly:0 RuntimeOnly:0 HLODRelevant:1
 |   |   |- Guid:508FDF2B4D49B4D2D008428DBEA6E13A BaseClass: NativeClass:/Script/Engine.SkyAtmosphere Name:SkyAtmosphere_0 Label:SkyAtmosphere SpatiallyLoaded:0 Bounds:IsValid=true, Min=(X=0.000 Y=0.000 Z=1020.000), Max=(X=0.000 Y=0.000 Z=1020.000) RuntimeGrid:None EditorOnly:0 RuntimeOnly:0 HLODRelevant:0 FolderPath:Lighting FolderGuid:963EC3EB4002CCE9759E2EBA541A873A
 |   |   |- Guid:5CEEC3D74E1B97FEF4E0D8824A7B7A44 BaseClass: NativeClass:/Script/Engine.StaticMeshActor Name:StaticMeshActor_UAID_7085C2DC1D4FC7E201_1678364861 Label:Cube13 SpatiallyLoaded:1 Bounds:IsValid=true, Min=(X=2107.927 Y=2531.943 Z=639.703), Max=(X=2207.927 Y=2631.943 Z=739.703) RuntimeGrid:None EditorOnly:0 RuntimeOnly:0 HLODRelevant:1
 |   |   |- Guid:660B3960402F304AB26A81B2AE080F50 BaseClass: NativeClass:/Script/Engine.StaticMeshActor Name:StaticMeshActor_UAID_7085C2DC1D4FC7E201_1731101865 Label:Cube17 SpatiallyLoaded:1 Bounds:IsValid=true, Min=(X=2107.927 Y=2531.943 Z=1039.703), Max=(X=2207.927 Y=2631.943 Z=1139.703) RuntimeGrid:None EditorOnly:0 RuntimeOnly:0 HLODRelevant:1
 |   |   |- Guid:6EA412A4412BF6A06097208254BFAF7D BaseClass: NativeClass:/Script/Engine.StaticMeshActor Name:StaticMeshActor_UAID_7085C2DC1D4FC1E201_1771023785 Label:Plane SpatiallyLoaded:1 Bounds:IsValid=true, Min=(X=2070.000 Y=927.500 Z=140.000), Max=(X=2270.000 Y=1352.500 Z=140.000) RuntimeGrid:None EditorOnly:0 RuntimeOnly:0 HLODRelevant:1
 |   |   |- Guid:7996E54644AFCA80C5E451AD1AD20852 BaseClass: NativeClass:/Script/Engine.StaticMeshActor Name:StaticMeshActor_UAID_7085C2DC1D4FC1E201_1942827792 Label:Cube5 SpatiallyLoaded:1 Bounds:IsValid=true, Min=(X=1960.000 Y=730.000 Z=40.000), Max=(X=2060.000 Y=830.000 Z=140.000) RuntimeGrid:None EditorOnly:0 RuntimeOnly:0 HLODRelevant:1
 |   |   |- Guid:7E099F454353CB841123C1A718AD2817 BaseClass: NativeClass:/Script/Engine.SkyLight Name:SkyLight_1 Label:SkyLight SpatiallyLoaded:0 Bounds:IsValid=true, Min=(X=0.000 Y=0.000 Z=690.000), Max=(X=0.000 Y=0.000 Z=690.000) RuntimeGrid:None EditorOnly:0 RuntimeOnly:0 HLODRelevant:0 FolderPath:Lighting FolderGuid:963EC3EB4002CCE9759E2EBA541A873A
 |   |   |- Guid:816AF8E941DAADBACFA8AFB72B42ED08 BaseClass: NativeClass:/Script/Engine.ExponentialHeightFog Name:ExponentialHeightFog_0 Label:ExponentialHeightFog SpatiallyLoaded:0 Bounds:IsValid=true, Min=(X=-5600.000 Y=-50.000 Z=-6850.000), Max=(X=-5600.000 Y=-50.000 Z=-6850.000) RuntimeGrid:None EditorOnly:0 RuntimeOnly:0 HLODRelevant:0 FolderPath:Lighting FolderGuid:963EC3EB4002CCE9759E2EBA541A873A
 |   |   |- Guid:8678D4D147CBFF68A2DEAAB09F9D1485 BaseClass: NativeClass:/Script/Engine.StaticMeshActor Name:StaticMeshActor_UAID_7085C2DC1D4FC7E201_1715047864 Label:Cube16 SpatiallyLoaded:1 Bounds:IsValid=true, Min=(X=2107.927 Y=2531.943 Z=939.703), Max=(X=2207.927 Y=2631.943 Z=1039.703) RuntimeGrid:None EditorOnly:0 RuntimeOnly:0 HLODRelevant:1
 |   |   |- Guid:89FB190C4B2AE19BFC2D018CFCB832B1 BaseClass: NativeClass:/Script/Engine.StaticMeshActor Name:StaticMeshActor_UAID_7085C2DC1D4FC7E201_1649026858 Label:Cube10 SpatiallyLoaded:1 Bounds:IsValid=true, Min=(X=2107.927 Y=1841.943 Z=309.703), Max=(X=2207.927 Y=1941.943 Z=409.703) RuntimeGrid:None EditorOnly:0 RuntimeOnly:0 HLODRelevant:1
 |   |   |- Guid:9726D6EE40E8F33FA4C436A8EEE5E61A BaseClass: NativeClass:/Script/Engine.StaticMeshActor Name:StaticMeshActor_UAID_7085C2DC1D4FC1E201_1942969793 Label:Cube6 SpatiallyLoaded:1 Bounds:IsValid=true, Min=(X=2060.000 Y=700.000 Z=40.000), Max=(X=2160.000 Y=800.000 Z=140.000) RuntimeGrid:None EditorOnly:0 RuntimeOnly:0 HLODRelevant:1
 |   |   |- Guid:A3236A3846109AA2D7A73D85C80C2654 BaseClass: NativeClass:/Script/Engine.TriggerBox Name:TriggerBox_UAID_7085C2DC1D4FC7E201_1813064871 Label:TriggerBox2 SpatiallyLoaded:1 Bounds:IsValid=true, Min=(X=2031.250 Y=2060.000 Z=462.500), Max=(X=2288.750 Y=2480.000 Z=557.500) RuntimeGrid:None EditorOnly:0 RuntimeOnly:0 HLODRelevant:0
 |   |   |- Guid:A5C410B0469868A6218441A2ABD1A23E BaseClass: NativeClass:/Script/Engine.StaticMeshActor Name:StaticMeshActor_UAID_7085C2DC1D4FC1E201_1935844791 Label:Cube4 SpatiallyLoaded:1 Bounds:IsValid=true, Min=(X=1860.000 Y=730.000 Z=40.000), Max=(X=1960.000 Y=830.000 Z=140.000) RuntimeGrid:None EditorOnly:0 RuntimeOnly:0 HLODRelevant:1
 |   |   |- Guid:AEBABA4545C56BE4E8C4979313E93417 BaseClass: NativeClass:/Script/Engine.StaticMeshActor Name:StaticMeshActor_UAID_7085C2DC1D4FC7E201_1456297857 Label:Plane2 SpatiallyLoaded:1 Bounds:IsValid=true, Min=(X=2038.416 Y=2062.049 Z=461.130), Max=(X=2263.416 Y=2487.049 Z=461.130) RuntimeGrid:None EditorOnly:0 RuntimeOnly:0 HLODRelevant:1
 |   |   |- Guid:CA61550949E49F2AD6A58EB1207ABF0A BaseClass: NativeClass:/Script/Engine.StaticMeshActor Name:StaticMeshActor_UAID_7085C2DC1D4FC7E201_1745547867 Label:Cube19 SpatiallyLoaded:1 Bounds:IsValid=true, Min=(X=1907.927 Y=2531.943 Z=939.703), Max=(X=2007.927 Y=2631.943 Z=1039.703) RuntimeGrid:None EditorOnly:0 RuntimeOnly:0 HLODRelevant:1
 |   |   |- Guid:CBED86E34BE9E714BCFAE99D7F04A75F BaseClass: NativeClass:/Script/Engine.VolumetricCloud Name:VolumetricCloud_0 Label:VolumetricCloud SpatiallyLoaded:0 Bounds:IsValid=true, Min=(X=0.000 Y=0.000 Z=820.000), Max=(X=0.000 Y=0.000 Z=820.000) RuntimeGrid:None EditorOnly:0 RuntimeOnly:0 HLODRelevant:0 FolderPath:Lighting FolderGuid:963EC3EB4002CCE9759E2EBA541A873A
 |   |   |- Guid:D2002FF147A5748ADA1E3DB230410ECD BaseClass: NativeClass:/Script/Engine.StaticMeshActor Name:StaticMeshActor_UAID_7085C2DC1D4FC1E201_1915770790 Label:Cube3 SpatiallyLoaded:1 Bounds:IsValid=true, Min=(X=2060.000 Y=640.000 Z=40.000), Max=(X=2160.000 Y=740.000 Z=140.000) RuntimeGrid:None EditorOnly:0 RuntimeOnly:0 HLODRelevant:1
 |   |   |- Guid:D32A637345D8C77353528B80D35671E3 BaseClass: NativeClass:/Script/Engine.StaticMeshActor Name:StaticMeshActor_UAID_7085C2DC1D4FC1E201_1866217788 Label:Cube SpatiallyLoaded:1 Bounds:IsValid=true, Min=(X=1860.000 Y=640.000 Z=40.000), Max=(X=1960.000 Y=740.000 Z=140.000) RuntimeGrid:None EditorOnly:0 RuntimeOnly:0 HLODRelevant:1
 |   |   |- Guid:DABEF51647B29DB8DEC40EAD0F3B57E4 BaseClass: NativeClass:/Script/Engine.StaticMeshActor Name:StaticMeshActor_UAID_7085C2DC1D4FC4E201_1949876326 Label:Cube8 SpatiallyLoaded:1 Bounds:IsValid=true, Min=(X=2111.726 Y=1525.166 Z=209.832), Max=(X=2211.726 Y=1625.166 Z=309.832) RuntimeGrid:None EditorOnly:0 RuntimeOnly:0 HLODRelevant:1
 |   |   |- Guid:E27765BB474AF02AEBFBC784CF0BA516 BaseClass: NativeClass:/Script/Engine.StaticMeshActor Name:StaticMeshActor_UAID_7085C2DC1D4FC7E201_1777147869 Label:Cube21 SpatiallyLoaded:1 Bounds:IsValid=true, Min=(X=2207.927 Y=2531.943 Z=1039.703), Max=(X=2307.927 Y=2631.943 Z=1139.703) RuntimeGrid:None EditorOnly:0 RuntimeOnly:0 HLODRelevant:1
 |   |   |- Guid:E82F53B44FCC0FF5778CB586C83BE97C BaseClass: NativeClass:/Script/Engine.StaticMeshActor Name:StaticMeshActor_UAID_7085C2DC1D4FC7E201_1765373868 Label:Cube20 SpatiallyLoaded:1 Bounds:IsValid=true, Min=(X=2107.927 Y=2531.943 Z=1139.703), Max=(X=2207.927 Y=2631.943 Z=1239.703) RuntimeGrid:None EditorOnly:0 RuntimeOnly:0 HLODRelevant:1
 |   |   |- Guid:F1A5745146F7D910BEED10942B599F92 BaseClass: NativeClass:/Script/Engine.StaticMeshActor Name:StaticMeshActor_1 Label:SM_Cube SpatiallyLoaded:1 Bounds:IsValid=true, Min=(X=0.000 Y=0.000 Z=-50.000), Max=(X=3575.000 Y=5050.000 Z=0.000) RuntimeGrid:None EditorOnly:0 RuntimeOnly:0 HLODRelevant:1 FolderPath:Playground FolderGuid:C73F09FC4215536B1DCE2A9E0A830C70
 |   |   |- Guid:F85BA4BF40F6B2A074A99BA831B42F5F BaseClass: NativeClass:/Script/Engine.StaticMeshActor Name:StaticMeshActor_UAID_7085C2DC1D4FC7E201_1785626870 Label:Cube22 SpatiallyLoaded:1 Bounds:IsValid=true, Min=(X=2317.927 Y=2531.943 Z=939.703), Max=(X=2417.927 Y=2631.943 Z=1039.703) RuntimeGrid:None EditorOnly:0 RuntimeOnly:0 HLODRelevant:1
 |   |   |- Guid:F8C2E71F42EA699F7ED7E58FA3617A39 BaseClass: NativeClass:/Script/Engine.PostProcessVolume Name:PostProcessVolume_0 Label:PostProcessVolume SpatiallyLoaded:0 Bounds:IsValid=true, Min=(X=0.000 Y=0.000 Z=400.000), Max=(X=200.000 Y=200.000 Z=600.000) RuntimeGrid:None EditorOnly:0 RuntimeOnly:0 HLODRelevant:0 FolderPath:Lighting FolderGuid:963EC3EB4002CCE9759E2EBA541A873A
 |   |   |- Guid:FC60F60E4D7E03DDB3EF59B1B2F945EA BaseClass: NativeClass:/Script/Engine.PlayerStart Name:PlayerStart_0 Label:PlayerStart SpatiallyLoaded:0 Bounds:IsValid=true, Min=(X=860.000 Y=1070.000 Z=0.013), Max=(X=940.000 Y=1150.000 Z=184.013) RuntimeGrid:None EditorOnly:0 RuntimeOnly:0 HLODRelevant:0
 |   |- [+] Clusters:
 |   |   |- [+] [  0]
 |   |   |   |- Guid:CA61550949E49F2AD6A58EB1207ABF0A BaseClass: NativeClass:/Script/Engine.StaticMeshActor Name:StaticMeshActor_UAID_7085C2DC1D4FC7E201_1745547867 Label:Cube19 SpatiallyLoaded:1 Bounds:IsValid=true, Min=(X=1907.927 Y=2531.943 Z=939.703), Max=(X=2007.927 Y=2631.943 Z=1039.703) RuntimeGrid:None EditorOnly:0 RuntimeOnly:0 HLODRelevant:1
 |   |   |- [+] [  1]
 |   |   |   |- Guid:193149124DDA77E8F890AAA1A0DCC668 BaseClass: NativeClass:/Script/Engine.StaticMeshActor Name:StaticMeshActor_UAID_7085C2DC1D4FC7E201_1690914862 Label:Cube14 SpatiallyLoaded:1 Bounds:IsValid=true, Min=(X=2107.927 Y=2531.943 Z=739.703), Max=(X=2207.927 Y=2631.943 Z=839.703) RuntimeGrid:None EditorOnly:0 RuntimeOnly:0 HLODRelevant:1
 |   |   |- [+] [  2]
 |   |   |   |- Guid:22E1E70749C6A82F164A74983F22337F BaseClass: NativeClass:/Script/Engine.StaticMeshActor Name:StaticMeshActor_UAID_7085C2DC1D4FC1E201_1905502789 Label:Cube2 SpatiallyLoaded:1 Bounds:IsValid=true, Min=(X=1960.000 Y=640.000 Z=40.000), Max=(X=2060.000 Y=740.000 Z=140.000) RuntimeGrid:None EditorOnly:0 RuntimeOnly:0 HLODRelevant:1
 |   |   |- [+] [  3]
 |   |   |   |- Guid:15202DEF475CBE4AABE028A3B309175F BaseClass: NativeClass:/Script/Engine.StaticMeshActor Name:StaticMeshActor_UAID_7085C2DC1D4FC7E201_1666296860 Label:Cube12 SpatiallyLoaded:1 Bounds:IsValid=true, Min=(X=2107.927 Y=2531.943 Z=539.703), Max=(X=2207.927 Y=2631.943 Z=639.703) RuntimeGrid:None EditorOnly:0 RuntimeOnly:0 HLODRelevant:1
 |   |   |- [+] [  4]
 |   |   |   |- Guid:7E099F454353CB841123C1A718AD2817 BaseClass: NativeClass:/Script/Engine.SkyLight Name:SkyLight_1 Label:SkyLight SpatiallyLoaded:0 Bounds:IsValid=true, Min=(X=0.000 Y=0.000 Z=690.000), Max=(X=0.000 Y=0.000 Z=690.000) RuntimeGrid:None EditorOnly:0 RuntimeOnly:0 HLODRelevant:0 FolderPath:Lighting FolderGuid:963EC3EB4002CCE9759E2EBA541A873A
 |   |   |- [+] [  5]
 |   |   |   |- Guid:FC60F60E4D7E03DDB3EF59B1B2F945EA BaseClass: NativeClass:/Script/Engine.PlayerStart Name:PlayerStart_0 Label:PlayerStart SpatiallyLoaded:0 Bounds:IsValid=true, Min=(X=860.000 Y=1070.000 Z=0.013), Max=(X=940.000 Y=1150.000 Z=184.013) RuntimeGrid:None EditorOnly:0 RuntimeOnly:0 HLODRelevant:0
 |   |   |- [+] [  6]
 |   |   |   |- Guid:0C995942491B82492B513AAD282EE077 BaseClass: NativeClass:/Script/Engine.StaticMeshActor Name:StaticMeshActor_UAID_7085C2DC1D4FC2E201_1104438970 Label:Cube7 SpatiallyLoaded:1 Bounds:IsValid=true, Min=(X=1550.000 Y=740.000 Z=-70.000), Max=(X=1650.000 Y=840.000 Z=30.000) RuntimeGrid:None EditorOnly:0 RuntimeOnly:0 HLODRelevant:1
 |   |   |- [+] [  7]
 |   |   |   |- Guid:09E61D7C4939DE7C68A31893461B8C3D BaseClass: NativeClass:/Script/Engine.StaticMeshActor Name:StaticMeshActor_UAID_7085C2DC1D4FC7E201_1738803866 Label:Cube18 SpatiallyLoaded:1 Bounds:IsValid=true, Min=(X=2007.927 Y=2531.943 Z=1039.703), Max=(X=2107.927 Y=2631.943 Z=1139.703) RuntimeGrid:None EditorOnly:0 RuntimeOnly:0 HLODRelevant:1
 |   |   |- [+] [  8]
 |   |   |   |- Guid:660B3960402F304AB26A81B2AE080F50 BaseClass: NativeClass:/Script/Engine.StaticMeshActor Name:StaticMeshActor_UAID_7085C2DC1D4FC7E201_1731101865 Label:Cube17 SpatiallyLoaded:1 Bounds:IsValid=true, Min=(X=2107.927 Y=2531.943 Z=1039.703), Max=(X=2207.927 Y=2631.943 Z=1139.703) RuntimeGrid:None EditorOnly:0 RuntimeOnly:0 HLODRelevant:1
 |   |   |- [+] [  9]
 |   |   |   |- Guid:F85BA4BF40F6B2A074A99BA831B42F5F BaseClass: NativeClass:/Script/Engine.StaticMeshActor Name:StaticMeshActor_UAID_7085C2DC1D4FC7E201_1785626870 Label:Cube22 SpatiallyLoaded:1 Bounds:IsValid=true, Min=(X=2317.927 Y=2531.943 Z=939.703), Max=(X=2417.927 Y=2631.943 Z=1039.703) RuntimeGrid:None EditorOnly:0 RuntimeOnly:0 HLODRelevant:1
 |   |   |- [+] [ 10]
 |   |   |   |- Guid:CBED86E34BE9E714BCFAE99D7F04A75F BaseClass: NativeClass:/Script/Engine.VolumetricCloud Name:VolumetricCloud_0 Label:VolumetricCloud SpatiallyLoaded:0 Bounds:IsValid=true, Min=(X=0.000 Y=0.000 Z=820.000), Max=(X=0.000 Y=0.000 Z=820.000) RuntimeGrid:None EditorOnly:0 RuntimeOnly:0 HLODRelevant:0 FolderPath:Lighting FolderGuid:963EC3EB4002CCE9759E2EBA541A873A
 |   |   |- [+] [ 11]
 |   |   |   |- Guid:4C6BFE6C40BD77AF4554F88ABC401477 BaseClass: NativeClass:/Script/Engine.StaticMeshActor Name:StaticMeshActor_UAID_7085C2DC1D4FC4E201_1969686327 Label:Cube9 SpatiallyLoaded:1 Bounds:IsValid=true, Min=(X=2097.927 Y=1831.943 Z=309.703), Max=(X=2197.927 Y=1931.943 Z=409.703) RuntimeGrid:None EditorOnly:0 RuntimeOnly:0 HLODRelevant:1
 |   |   |- [+] [ 12]
 |   |   |   |- Guid:AEBABA4545C56BE4E8C4979313E93417 BaseClass: NativeClass:/Script/Engine.StaticMeshActor Name:StaticMeshActor_UAID_7085C2DC1D4FC7E201_1456297857 Label:Plane2 SpatiallyLoaded:1 Bounds:IsValid=true, Min=(X=2038.416 Y=2062.049 Z=461.130), Max=(X=2263.416 Y=2487.049 Z=461.130) RuntimeGrid:None EditorOnly:0 RuntimeOnly:0 HLODRelevant:1
 |   |   |- [+] [ 13]
 |   |   |   |- Guid:0E3A759D417681F83F600FA11AC6771F BaseClass: NativeClass:/Script/Engine.DirectionalLight Name:DirectionalLight_0 Label:DirectionalLight SpatiallyLoaded:0 Bounds:IsValid=true, Min=(X=-4398046511104.000 Y=-4398046511104.000 Z=-4398046511104.000), Max=(X=4398046511104.000 Y=4398046511104.000 Z=4398046511104.000) RuntimeGrid:None EditorOnly:0 RuntimeOnly:0 HLODRelevant:0 FolderPath:Lighting FolderGuid:963EC3EB4002CCE9759E2EBA541A873A
 |   |   |- [+] [ 14]
 |   |   |   |- Guid:D32A637345D8C77353528B80D35671E3 BaseClass: NativeClass:/Script/Engine.StaticMeshActor Name:StaticMeshActor_UAID_7085C2DC1D4FC1E201_1866217788 Label:Cube SpatiallyLoaded:1 Bounds:IsValid=true, Min=(X=1860.000 Y=640.000 Z=40.000), Max=(X=1960.000 Y=740.000 Z=140.000) RuntimeGrid:None EditorOnly:0 RuntimeOnly:0 HLODRelevant:1
 |   |   |- [+] [ 15]
 |   |   |   |- Guid:9726D6EE40E8F33FA4C436A8EEE5E61A BaseClass: NativeClass:/Script/Engine.StaticMeshActor Name:StaticMeshActor_UAID_7085C2DC1D4FC1E201_1942969793 Label:Cube6 SpatiallyLoaded:1 Bounds:IsValid=true, Min=(X=2060.000 Y=700.000 Z=40.000), Max=(X=2160.000 Y=800.000 Z=140.000) RuntimeGrid:None EditorOnly:0 RuntimeOnly:0 HLODRelevant:1
 |   |   |- [+] [ 16]
 |   |   |   |- Guid:F1A5745146F7D910BEED10942B599F92 BaseClass: NativeClass:/Script/Engine.StaticMeshActor Name:StaticMeshActor_1 Label:SM_Cube SpatiallyLoaded:1 Bounds:IsValid=true, Min=(X=0.000 Y=0.000 Z=-50.000), Max=(X=3575.000 Y=5050.000 Z=0.000) RuntimeGrid:None EditorOnly:0 RuntimeOnly:0 HLODRelevant:1 FolderPath:Playground FolderGuid:C73F09FC4215536B1DCE2A9E0A830C70
 |   |   |- [+] [ 17]
 |   |   |   |- Guid:F8C2E71F42EA699F7ED7E58FA3617A39 BaseClass: NativeClass:/Script/Engine.PostProcessVolume Name:PostProcessVolume_0 Label:PostProcessVolume SpatiallyLoaded:0 Bounds:IsValid=true, Min=(X=0.000 Y=0.000 Z=400.000), Max=(X=200.000 Y=200.000 Z=600.000) RuntimeGrid:None EditorOnly:0 RuntimeOnly:0 HLODRelevant:0 FolderPath:Lighting FolderGuid:963EC3EB4002CCE9759E2EBA541A873A
 |   |   |- [+] [ 18]
 |   |   |   |- Guid:7996E54644AFCA80C5E451AD1AD20852 BaseClass: NativeClass:/Script/Engine.StaticMeshActor Name:StaticMeshActor_UAID_7085C2DC1D4FC1E201_1942827792 Label:Cube5 SpatiallyLoaded:1 Bounds:IsValid=true, Min=(X=1960.000 Y=730.000 Z=40.000), Max=(X=2060.000 Y=830.000 Z=140.000) RuntimeGrid:None EditorOnly:0 RuntimeOnly:0 HLODRelevant:1
 |   |   |- [+] [ 19]
 |   |   |   |- Guid:89FB190C4B2AE19BFC2D018CFCB832B1 BaseClass: NativeClass:/Script/Engine.StaticMeshActor Name:StaticMeshActor_UAID_7085C2DC1D4FC7E201_1649026858 Label:Cube10 SpatiallyLoaded:1 Bounds:IsValid=true, Min=(X=2107.927 Y=1841.943 Z=309.703), Max=(X=2207.927 Y=1941.943 Z=409.703) RuntimeGrid:None EditorOnly:0 RuntimeOnly:0 HLODRelevant:1
 |   |   |- [+] [ 20]
 |   |   |   |- Guid:5CEEC3D74E1B97FEF4E0D8824A7B7A44 BaseClass: NativeClass:/Script/Engine.StaticMeshActor Name:StaticMeshActor_UAID_7085C2DC1D4FC7E201_1678364861 Label:Cube13 SpatiallyLoaded:1 Bounds:IsValid=true, Min=(X=2107.927 Y=2531.943 Z=639.703), Max=(X=2207.927 Y=2631.943 Z=739.703) RuntimeGrid:None EditorOnly:0 RuntimeOnly:0 HLODRelevant:1
 |   |   |- [+] [ 21]
 |   |   |   |- Guid:508FDF2B4D49B4D2D008428DBEA6E13A BaseClass: NativeClass:/Script/Engine.SkyAtmosphere Name:SkyAtmosphere_0 Label:SkyAtmosphere SpatiallyLoaded:0 Bounds:IsValid=true, Min=(X=0.000 Y=0.000 Z=1020.000), Max=(X=0.000 Y=0.000 Z=1020.000) RuntimeGrid:None EditorOnly:0 RuntimeOnly:0 HLODRelevant:0 FolderPath:Lighting FolderGuid:963EC3EB4002CCE9759E2EBA541A873A
 |   |   |- [+] [ 22]
 |   |   |   |- Guid:4E2EDF44462F3831633EE3AF85DFD7AC BaseClass: NativeClass:/Script/Engine.StaticMeshActor Name:StaticMeshActor_UAID_7085C2DC1D4FC7E201_1649194859 Label:Cube11 SpatiallyLoaded:1 Bounds:IsValid=true, Min=(X=2226.316 Y=325101.753 Z=-167696.570), Max=(X=2326.316 Y=325201.753 Z=-167596.570) RuntimeGrid:None EditorOnly:0 RuntimeOnly:0 HLODRelevant:1
 |   |   |- [+] [ 23]
 |   |   |   |- Guid:E82F53B44FCC0FF5778CB586C83BE97C BaseClass: NativeClass:/Script/Engine.StaticMeshActor Name:StaticMeshActor_UAID_7085C2DC1D4FC7E201_1765373868 Label:Cube20 SpatiallyLoaded:1 Bounds:IsValid=true, Min=(X=2107.927 Y=2531.943 Z=1139.703), Max=(X=2207.927 Y=2631.943 Z=1239.703) RuntimeGrid:None EditorOnly:0 RuntimeOnly:0 HLODRelevant:1
 |   |   |- [+] [ 24]
 |   |   |   |- Guid:2E9737DE4A4DAC93B807AA8396B7ADDA BaseClass: NativeClass:/Script/Engine.StaticMeshActor Name:StaticMeshActor_UAID_A4AE111137DC5EFB00_1110535423 Label:SM_SkySphere SpatiallyLoaded:0 Bounds:IsValid=true, Min=(X=-1638400.000 Y=-1638400.000 Z=-1638400.000), Max=(X=1638400.000 Y=1638400.000 Z=1638400.000) RuntimeGrid:None EditorOnly:0 RuntimeOnly:0 HLODRelevant:1 FolderPath:Lighting FolderGuid:963EC3EB4002CCE9759E2EBA541A873A
 |   |   |- [+] [ 25]
 |   |   |   |- Guid:1665D3D5475E74681E6066816A323030 BaseClass: NativeClass:/Script/Engine.WorldDataLayers Name:WorldDataLayers Label:WorldDataLayers SpatiallyLoaded:0 Bounds:IsValid=true, Min=(X=0.000 Y=0.000 Z=0.000), Max=(X=0.000 Y=0.000 Z=0.000) RuntimeGrid:None EditorOnly:0 RuntimeOnly:0 HLODRelevant:0
 |   |   |- [+] [ 26]
 |   |   |   |- Guid:816AF8E941DAADBACFA8AFB72B42ED08 BaseClass: NativeClass:/Script/Engine.ExponentialHeightFog Name:ExponentialHeightFog_0 Label:ExponentialHeightFog SpatiallyLoaded:0 Bounds:IsValid=true, Min=(X=-5600.000 Y=-50.000 Z=-6850.000), Max=(X=-5600.000 Y=-50.000 Z=-6850.000) RuntimeGrid:None EditorOnly:0 RuntimeOnly:0 HLODRelevant:0 FolderPath:Lighting FolderGuid:963EC3EB4002CCE9759E2EBA541A873A
 |   |   |- [+] [ 27]
 |   |   |   |- Guid:D2002FF147A5748ADA1E3DB230410ECD BaseClass: NativeClass:/Script/Engine.StaticMeshActor Name:StaticMeshActor_UAID_7085C2DC1D4FC1E201_1915770790 Label:Cube3 SpatiallyLoaded:1 Bounds:IsValid=true, Min=(X=2060.000 Y=640.000 Z=40.000), Max=(X=2160.000 Y=740.000 Z=140.000) RuntimeGrid:None EditorOnly:0 RuntimeOnly:0 HLODRelevant:1
 |   |   |- [+] [ 28]
 |   |   |   |- Guid:DABEF51647B29DB8DEC40EAD0F3B57E4 BaseClass: NativeClass:/Script/Engine.StaticMeshActor Name:StaticMeshActor_UAID_7085C2DC1D4FC4E201_1949876326 Label:Cube8 SpatiallyLoaded:1 Bounds:IsValid=true, Min=(X=2111.726 Y=1525.166 Z=209.832), Max=(X=2211.726 Y=1625.166 Z=309.832) RuntimeGrid:None EditorOnly:0 RuntimeOnly:0 HLODRelevant:1
 |   |   |- [+] [ 29]
 |   |   |   |- Guid:8678D4D147CBFF68A2DEAAB09F9D1485 BaseClass: NativeClass:/Script/Engine.StaticMeshActor Name:StaticMeshActor_UAID_7085C2DC1D4FC7E201_1715047864 Label:Cube16 SpatiallyLoaded:1 Bounds:IsValid=true, Min=(X=2107.927 Y=2531.943 Z=939.703), Max=(X=2207.927 Y=2631.943 Z=1039.703) RuntimeGrid:None EditorOnly:0 RuntimeOnly:0 HLODRelevant:1
 |   |   |- [+] [ 30]
 |   |   |   |- Guid:E27765BB474AF02AEBFBC784CF0BA516 BaseClass: NativeClass:/Script/Engine.StaticMeshActor Name:StaticMeshActor_UAID_7085C2DC1D4FC7E201_1777147869 Label:Cube21 SpatiallyLoaded:1 Bounds:IsValid=true, Min=(X=2207.927 Y=2531.943 Z=1039.703), Max=(X=2307.927 Y=2631.943 Z=1139.703) RuntimeGrid:None EditorOnly:0 RuntimeOnly:0 HLODRelevant:1
 |   |   |- [+] [ 31]
 |   |   |   |- Guid:06C2E66A408BEF4401D399B0A61086AE BaseClass: NativeClass:/Script/Engine.TriggerBox Name:TriggerBox_UAID_7085C2DC1D4FC3E201_1833203148 Label:TriggerBox SpatiallyLoaded:1 Bounds:IsValid=true, Min=(X=2140.000 Y=1180.000 Z=140.000), Max=(X=2220.000 Y=1260.000 Z=220.000) RuntimeGrid:None EditorOnly:0 RuntimeOnly:0 HLODRelevant:0
 |   |   |- [+] [ 32]
 |   |   |   |- Guid:6EA412A4412BF6A06097208254BFAF7D BaseClass: NativeClass:/Script/Engine.StaticMeshActor Name:StaticMeshActor_UAID_7085C2DC1D4FC1E201_1771023785 Label:Plane SpatiallyLoaded:1 Bounds:IsValid=true, Min=(X=2070.000 Y=927.500 Z=140.000), Max=(X=2270.000 Y=1352.500 Z=140.000) RuntimeGrid:None EditorOnly:0 RuntimeOnly:0 HLODRelevant:1
 |   |   |- [+] [ 33]
 |   |   |   |- Guid:29148FA64B1F4CD85FB6B28C2BAF65E3 BaseClass: NativeClass:/Script/Engine.StaticMeshActor Name:StaticMeshActor_UAID_7085C2DC1D4FC7E201_1705350863 Label:Cube15 SpatiallyLoaded:1 Bounds:IsValid=true, Min=(X=2107.927 Y=2531.943 Z=839.703), Max=(X=2207.927 Y=2631.943 Z=939.703) RuntimeGrid:None EditorOnly:0 RuntimeOnly:0 HLODRelevant:1
 |   |   |- [+] [ 34]
 |   |   |   |- Guid:A5C410B0469868A6218441A2ABD1A23E BaseClass: NativeClass:/Script/Engine.StaticMeshActor Name:StaticMeshActor_UAID_7085C2DC1D4FC1E201_1935844791 Label:Cube4 SpatiallyLoaded:1 Bounds:IsValid=true, Min=(X=1860.000 Y=730.000 Z=40.000), Max=(X=1960.000 Y=830.000 Z=140.000) RuntimeGrid:None EditorOnly:0 RuntimeOnly:0 HLODRelevant:1
 |   |   |- [+] [ 35]
 |   |   |   |- Guid:A3236A3846109AA2D7A73D85C80C2654 BaseClass: NativeClass:/Script/Engine.TriggerBox Name:TriggerBox_UAID_7085C2DC1D4FC7E201_1813064871 Label:TriggerBox2 SpatiallyLoaded:1 Bounds:IsValid=true, Min=(X=2031.250 Y=2060.000 Z=462.500), Max=(X=2288.750 Y=2480.000 Z=557.500) RuntimeGrid:None EditorOnly:0 RuntimeOnly:0 HLODRelevant:0
 |- ContainerInstances:
 |- [+] MainContainer:
 |   |-        ID: 0x0000000000000000
 |   |-    Bounds: IsValid=false, Min=(X=0.000 Y=0.000 Z=0.000), Max=(X=0.000 Y=0.000 Z=0.000)
 |   |- Transform: 0.000000,0.000000,0.000000|0.000000,0.000000,-0.000000|1.000000,1.000000,1.000000
 |   |- Container: /Game/ThirdPerson/Maps/MyLevel
----------------------------------------------------------------------------------------------------------------
MyLevel - Persistent Level
----------------------------------------------------------------------------------------------------------------
Always loaded Actor Count: 45 

----------------------------------------------------------------------------------------------------------------
MyLevel - Runtime Spatial Hash - Streaming Grid - MainGrid
----------------------------------------------------------------------------------------------------------------
            Origin: X=0.000 Y=0.000 Z=0.000
         Cell Size: 12800
      World Bounds: IsValid=false, Min=(X=0.000 Y=0.000 Z=0.000), Max=(X=0.000 Y=0.000 Z=0.000)
     Loading Range: 25600.00
Block Slow Loading: No
 ClientOnlyVisible: No

[+] Grid Levels: 1
 |- Level  0: Cell Count    0 | Cell Size   12800 | Actor Count    0 (0.0%)

[+] Content of Grid Level 0

